1690469626269:crawler
1690470899502:crawl
1690471115155:help
1690471120898:teest
1690471122378:crawler
1690471127283:crawl
1690471749014:crawler
1690471751828:crawl
1690493599396:crawler
1690493601699:crawl
1690494024277:crawler
1690504563779:crawl
1690507505384:crawler
1690507507021:crawl
1690507522339:stacktrace
1690507607252:crawl
1690507622247:stacktrace
1690507801051:crawl
1690507807117:stacktrace
1690507920939:crawl
1690508466481:stacktrace
1690508579248:crawl
1690509735491:help
1690509739880:buscar-pc
1690509746544:buscar-fone
1690509756759:buscar-notebook
1690509770848:buscar-celular
1690509793516:buscar-fone
1690509887843:stacktrace
